0 info it worked if it ends with ok
1 verbose cli [ 'node', '/usr/local/bin/npm', 'install', '-g', 'roots' ]
2 info using npm@2.11.2
3 info using node@v0.12.6
4 verbose install initial load of /usr/local/lib/package.json
5 verbose readDependencies loading dependencies from /usr/local/lib/package.json
6 silly cache add args [ 'roots', null ]
7 verbose cache add spec roots
8 silly cache add parsed spec { raw: 'roots',
8 silly cache add   scope: null,
8 silly cache add   name: 'roots',
8 silly cache add   rawSpec: '',
8 silly cache add   spec: '*',
8 silly cache add   type: 'range' }
9 silly addNamed roots@*
10 verbose addNamed "*" is a valid semver range for roots
11 silly addNameRange { name: 'roots', range: '*', hasData: false }
12 silly mapToRegistry name roots
13 silly mapToRegistry using default registry
14 silly mapToRegistry registry https://registry.npmjs.org/
15 silly mapToRegistry uri https://registry.npmjs.org/roots
16 verbose addNameRange registry:https://registry.npmjs.org/roots not in flight; fetching
17 verbose request uri https://registry.npmjs.org/roots
18 verbose request no auth needed
19 info attempt registry request try #1 at 12:24:08
20 verbose request id 9717e905d2b68518
21 verbose etag "ACP1QJA54IB5SAQS096EUSGO8"
22 http request GET https://registry.npmjs.org/roots
23 http 200 https://registry.npmjs.org/roots
24 silly get cb [ 200,
24 silly get   { server: 'CouchDB/1.5.0 (Erlang OTP/R16B03)',
24 silly get     etag: '"9Q0LIZHGER58S9408VJXAV968"',
24 silly get     'content-type': 'application/json',
24 silly get     'cache-control': 'max-age=60',
24 silly get     'content-length': '129650',
24 silly get     'accept-ranges': 'bytes',
24 silly get     date: 'Mon, 20 Jul 2015 10:24:09 GMT',
24 silly get     via: '1.1 varnish',
24 silly get     age: '0',
24 silly get     connection: 'keep-alive',
24 silly get     'x-served-by': 'cache-ams4129-AMS',
24 silly get     'x-cache': 'MISS',
24 silly get     'x-cache-hits': '0',
24 silly get     'x-timer': 'S1437387848.989783,VS0,VE666',
24 silly get     vary: 'Accept' } ]
25 verbose get saving roots to /Users/fredrikengblom/.npm/registry.npmjs.org/roots/.cache.json
26 silly addNameRange number 2 { name: 'roots', range: '*', hasData: true }
27 silly addNameRange versions [ 'roots',
27 silly addNameRange   [ '0.0.8-6',
27 silly addNameRange     '0.0.8-7',
27 silly addNameRange     '0.0.8-8',
27 silly addNameRange     '0.0.8-9',
27 silly addNameRange     '0.0.9',
27 silly addNameRange     '0.0.9-1',
27 silly addNameRange     '0.0.9-2',
27 silly addNameRange     '0.0.9-3',
27 silly addNameRange     '1.0.0',
27 silly addNameRange     '1.0.1',
27 silly addNameRange     '1.0.1-1',
27 silly addNameRange     '1.0.1-2',
27 silly addNameRange     '1.0.1-3',
27 silly addNameRange     '1.0.2',
27 silly addNameRange     '1.0.2-1',
27 silly addNameRange     '1.0.3',
27 silly addNameRange     '1.0.3-1',
27 silly addNameRange     '1.0.4',
27 silly addNameRange     '1.1.0',
27 silly addNameRange     '1.1.1',
27 silly addNameRange     '1.1.2',
27 silly addNameRange     '1.2.1',
27 silly addNameRange     '1.2.2',
27 silly addNameRange     '1.2.3',
27 silly addNameRange     '1.2.4',
27 silly addNameRange     '1.2.4-1',
27 silly addNameRange     '1.2.4-2',
27 silly addNameRange     '1.2.4-3',
27 silly addNameRange     '1.3.0',
27 silly addNameRange     '1.3.1',
27 silly addNameRange     '1.3.2',
27 silly addNameRange     '1.3.3',
27 silly addNameRange     '1.3.4',
27 silly addNameRange     '1.3.5',
27 silly addNameRange     '1.3.6',
27 silly addNameRange     '1.3.6-1',
27 silly addNameRange     '1.3.6-2',
27 silly addNameRange     '1.3.6-3',
27 silly addNameRange     '1.3.6-4',
27 silly addNameRange     '2.0.0',
27 silly addNameRange     '2.0.1',
27 silly addNameRange     '2.0.2',
27 silly addNameRange     '2.0.3',
27 silly addNameRange     '2.0.4',
27 silly addNameRange     '2.0.5',
27 silly addNameRange     '2.0.6',
27 silly addNameRange     '2.1.0-beta1',
27 silly addNameRange     '2.1.0-beta2',
27 silly addNameRange     '2.1.0-beta3',
27 silly addNameRange     '2.1.0-beta4',
27 silly addNameRange     '2.1.0',
27 silly addNameRange     '3.0.0-rc.0',
27 silly addNameRange     '2.1.1',
27 silly addNameRange     '2.1.2',
27 silly addNameRange     '3.0.0-rc.1',
27 silly addNameRange     '3.0.0-rc.2',
27 silly addNameRange     '3.0.0-rc.3',
27 silly addNameRange     '3.0.0-rc.4',
27 silly addNameRange     '3.0.0-rc.5',
27 silly addNameRange     '2.1.3',
27 silly addNameRange     '3.0.0-rc.6',
27 silly addNameRange     '3.0.0-rc.7',
27 silly addNameRange     '2.1.4',
27 silly addNameRange     '3.0.0-rc.8',
27 silly addNameRange     '3.0.0-rc.9',
27 silly addNameRange     '3.0.0-rc.10',
27 silly addNameRange     '3.0.0-rc.11',
27 silly addNameRange     '3.0.0',
27 silly addNameRange     '3.0.1',
27 silly addNameRange     '2.1.5',
27 silly addNameRange     '3.0.2',
27 silly addNameRange     '3.0.3',
27 silly addNameRange     '3.0.4',
27 silly addNameRange     '3.1.0',
27 silly addNameRange     '3.2.0',
27 silly addNameRange     '3.2.1' ] ]
28 silly addNamed roots@3.2.1
29 verbose addNamed "3.2.1" is a plain semver version for roots
30 silly mapToRegistry name roots
31 silly mapToRegistry using default registry
32 silly mapToRegistry registry https://registry.npmjs.org/
33 silly mapToRegistry uri https://registry.npmjs.org/roots
34 verbose addRemoteTarball https://registry.npmjs.org/roots/-/roots-3.2.1.tgz not in flight; adding
35 verbose addRemoteTarball [ 'https://registry.npmjs.org/roots/-/roots-3.2.1.tgz',
35 verbose addRemoteTarball   'f79bf3662fe0887795e9f295595c932d65562500' ]
36 info retry fetch attempt 1 at 12:24:09
37 info attempt registry request try #1 at 12:24:09
38 http fetch GET https://registry.npmjs.org/roots/-/roots-3.2.1.tgz
39 http fetch 200 https://registry.npmjs.org/roots/-/roots-3.2.1.tgz
40 silly fetchAndShaCheck shasum f79bf3662fe0887795e9f295595c932d65562500
41 verbose addTmpTarball /var/folders/wf/_6bbjz5134v56vvt5hvr4s6w0000gn/T/npm-2100-d883c1c3/registry.npmjs.org/roots/-/roots-3.2.1.tgz not in flight; adding
42 verbose addTmpTarball already have metadata; skipping unpack for roots@3.2.1
43 silly cache afterAdd roots@3.2.1
44 verbose afterAdd /Users/fredrikengblom/.npm/roots/3.2.1/package/package.json not in flight; writing
45 verbose afterAdd /Users/fredrikengblom/.npm/roots/3.2.1/package/package.json written
46 silly install resolved [ { name: 'roots',
46 silly install resolved     description: 'simple, flexible, and powerful static site compiler',
46 silly install resolved     version: '3.2.1',
46 silly install resolved     author: { name: 'Jeff Escalante', email: 'hello@jenius.me' },
46 silly install resolved     bugs: { url: 'https://github.com/jenius/roots/issues' },
46 silly install resolved     contributors: [ [Object] ],
46 silly install resolved     dependencies:
46 silly install resolved      { accord: '0.20.x',
46 silly install resolved        argparse: '1.x',
46 silly install resolved        charge: '0.1.x',
46 silly install resolved        chokidar: '1.0.x',
46 silly install resolved        'coffee-script': '1.9.x',
46 silly install resolved        colors: '1.x',
46 silly install resolved        configstore: '0.3.x',
46 silly install resolved        'graceful-fs': '4.x',
46 silly install resolved        inquirer: '0.9.x',
46 silly install resolved        'keen.io': '0.1.x',
46 silly install resolved        lodash: '3.x',
46 silly install resolved        minimatch: '2.x',
46 silly install resolved        mkdirp: '0.5.x',
46 silly install resolved        npm: '2.x',
46 silly install resolved        open: '0.0.5',
46 silly install resolved        osenv: '0.1.x',
46 silly install resolved        readdirp: '1.x',
46 silly install resolved        rimraf: '2.x',
46 silly install resolved        'serve-static': '1.x',
46 silly install resolved        ship: '0.2.x',
46 silly install resolved        sprout: '0.4.x',
46 silly install resolved        'update-notifier': '0.5.x',
46 silly install resolved        vinyl: '0.5.x',
46 silly install resolved        when: '3.x' },
46 silly install resolved     devDependencies:
46 silly install resolved      { chai: '3.x',
46 silly install resolved        'chai-as-promised': '5.x',
46 silly install resolved        'chai-fs': 'git+https://github.com/jenius/chai-fs',
46 silly install resolved        coffeelint: '1.x',
46 silly install resolved        coveralls: '2.x',
46 silly install resolved        glob: '5.x',
46 silly install resolved        istanbul: '0.3.x',
46 silly install resolved        mocha: '2.x',
46 silly install resolved        'mocha-lcov-reporter': '0.0.2',
46 silly install resolved        mockery: '1.x',
46 silly install resolved        phantomjs: '1.x',
46 silly install resolved        'roots-util': '0.1.x',
46 silly install resolved        'selenium-webdriver': '2.x',
46 silly install resolved        sinon: '1.x',
46 silly install resolved        'sinon-chai': '2.x' },
46 silly install resolved     directories: { lib: 'lib', bin: 'bin' },
46 silly install resolved     engines: { node: '>=0.10.0' },
46 silly install resolved     homepage: 'http://roots.cx',
46 silly install resolved     keywords: [ 'roots', 'static' ],
46 silly install resolved     license: 'MIT',
46 silly install resolved     main: 'lib',
46 silly install resolved     repository: { type: 'git', url: 'https://github.com/jenius/roots' },
46 silly install resolved     scripts:
46 silly install resolved      { coverage: 'make build; istanbul cover _mocha --report html -- -R spec && open coverage/index.html && make unbuild',
46 silly install resolved        coveralls: 'make build; istanbul cover _mocha --report lcovonly -- -R spec && cat ./coverage/lcov.info | coveralls && rm -rf ./coverage; make unbuild',
46 silly install resolved        lint: 'coffeelint lib',
46 silly install resolved        postinstall: 'node ./post_install.js',
46 silly install resolved        test: 'npm run lint && mocha' },
46 silly install resolved     bin: { roots: 'bin/roots' },
46 silly install resolved     gitHead: 'dd23e445ac6db54e14192777ef43006d850577d4',
46 silly install resolved     _id: 'roots@3.2.1',
46 silly install resolved     _shasum: 'f79bf3662fe0887795e9f295595c932d65562500',
46 silly install resolved     _from: 'roots@*',
46 silly install resolved     _npmVersion: '2.7.3',
46 silly install resolved     _nodeVersion: '0.12.0',
46 silly install resolved     _npmUser: { name: 'jenius', email: 'hello@jenius.me' },
46 silly install resolved     maintainers: [ [Object] ],
46 silly install resolved     dist:
46 silly install resolved      { shasum: 'f79bf3662fe0887795e9f295595c932d65562500',
46 silly install resolved        tarball: 'http://registry.npmjs.org/roots/-/roots-3.2.1.tgz' },
46 silly install resolved     _resolved: 'https://registry.npmjs.org/roots/-/roots-3.2.1.tgz' } ]
47 info install roots@3.2.1 into /usr/local/lib
48 info installOne roots@3.2.1
49 verbose installOne of roots to /usr/local/lib not in flight; installing
50 warn locking Error: EACCES, open '/Users/fredrikengblom/.npm/_locks/roots-7e22c66016debe67.lock'
50 warn locking     at Error (native)
50 warn locking  /Users/fredrikengblom/.npm/_locks/roots-7e22c66016debe67.lock failed { [Error: EACCES, open '/Users/fredrikengblom/.npm/_locks/roots-7e22c66016debe67.lock']
50 warn locking   errno: -13,
50 warn locking   code: 'EACCES',
50 warn locking   path: '/Users/fredrikengblom/.npm/_locks/roots-7e22c66016debe67.lock' }
51 verbose stack Error: Attempt to unlock /usr/local/lib/node_modules/roots, which hasn't been locked
51 verbose stack     at unlock (/usr/local/lib/node_modules/npm/lib/utils/locker.js:66:11)
51 verbose stack     at cb (/usr/local/lib/node_modules/npm/lib/install.js:1017:5)
51 verbose stack     at /usr/local/lib/node_modules/npm/lib/install.js:1021:20
51 verbose stack     at /usr/local/lib/node_modules/npm/lib/utils/locker.js:40:9
51 verbose stack     at cb (/usr/local/lib/node_modules/npm/node_modules/lockfile/lockfile.js:149:38)
51 verbose stack     at /usr/local/lib/node_modules/npm/node_modules/lockfile/lockfile.js:177:38
51 verbose stack     at FSReqWrap.oncomplete (fs.js:95:15)
52 verbose cwd /Users/fredrikengblom/Documents/BACKE2
53 error Darwin 14.4.0
54 error argv "node" "/usr/local/bin/npm" "install" "-g" "roots"
55 error node v0.12.6
56 error npm  v2.11.2
57 error Attempt to unlock /usr/local/lib/node_modules/roots, which hasn't been locked
58 error If you need help, you may report this error at:
58 error     <https://github.com/npm/npm/issues>
59 verbose exit [ 1, true ]
